c:\work\c++\neural network\personalproject\x64\debug\numberrecognition.pch
c:\work\c++\neural network\personalproject\x64\debug\vc143.pdb
c:\work\c++\neural network\personalproject\x64\debug\vc143.idb
c:\work\c++\neural network\personalproject\x64\debug\pch.obj
c:\work\c++\neural network\personalproject\x64\debug\main.obj
c:\work\c++\neural network\personalproject\x64\debug\mathhelper.obj
c:\work\c++\neural network\personalproject\x64\debug\neuralnetwork.obj
c:\work\c++\neural network\personalproject\x64\debug\connections.obj
c:\work\c++\neural network\personalproject\x64\debug\neurons.obj
c:\work\c++\neural network\personalproject\x64\debug\networklayer.obj
c:\work\c++\neural network\personalproject\x64\debug\numberrecognition.exe
c:\work\c++\neural network\personalproject\x64\debug\numberrecognition.ilk
c:\work\c++\neural network\personalproject\x64\debug\numberrecognition.pdb
c:\work\c++\neural network\personalproject\x64\debug\filereadingtest.ilk
c:\work\c++\neural network\personalproject\x64\debug\filereadingtest.pch
c:\work\c++\neural network\personalproject\x64\debug\filereadingtest.pdb
c:\work\c++\neural network\personalproject\x64\debug\numberre.1373199c.tlog\cl.command.1.tlog
c:\work\c++\neural network\personalproject\x64\debug\numberre.1373199c.tlog\cl.read.1.tlog
c:\work\c++\neural network\personalproject\x64\debug\numberre.1373199c.tlog\cl.write.1.tlog
c:\work\c++\neural network\personalproject\x64\debug\numberre.1373199c.tlog\link.3084-cvtres.read.1.tlog
c:\work\c++\neural network\personalproject\x64\debug\numberre.1373199c.tlog\link.3084-cvtres.write.1.tlog
c:\work\c++\neural network\personalproject\x64\debug\numberre.1373199c.tlog\link.3084-rc.read.1.tlog
c:\work\c++\neural network\personalproject\x64\debug\numberre.1373199c.tlog\link.3084-rc.write.1.tlog
c:\work\c++\neural network\personalproject\x64\debug\numberre.1373199c.tlog\link.3084.read.1.tlog
c:\work\c++\neural network\personalproject\x64\debug\numberre.1373199c.tlog\link.3084.read.2.tlog
c:\work\c++\neural network\personalproject\x64\debug\numberre.1373199c.tlog\link.3084.write.1.tlog
c:\work\c++\neural network\personalproject\x64\debug\numberre.1373199c.tlog\link.command.1.tlog
c:\work\c++\neural network\personalproject\x64\debug\numberre.1373199c.tlog\link.read.1.tlog
c:\work\c++\neural network\personalproject\x64\debug\numberre.1373199c.tlog\link.write.1.tlog
